[debug] [2022-12-14T02:59:39.786Z] ----------------------------------------------------------------------
[debug] [2022-12-14T02:59:39.788Z] Command:       /usr/local/bin/node /usr/local/bin/firebase init
[debug] [2022-12-14T02:59:39.789Z] CLI Version:   11.18.0
[debug] [2022-12-14T02:59:39.789Z] Platform:      darwin
[debug] [2022-12-14T02:59:39.789Z] Node Version:  v16.15.1
[debug] [2022-12-14T02:59:39.791Z] Time:          Wed Dec 14 2022 09:59:39 GMT+0700 (Indochina Time)
[debug] [2022-12-14T02:59:39.791Z] ----------------------------------------------------------------------
[debug] 
[debug] [2022-12-14T02:59:39.797Z] > command requires scopes: ["email","openid","https://www.googleapis.com/auth/cloudplatformprojects.readonly","https://www.googleapis.com/auth/firebase","https://www.googleapis.com/auth/cloud-platform"]
[debug] [2022-12-14T02:59:39.798Z] > authorizing via signed-in user (anhtnph06685@gmail.com)
[info] 
     ######## #### ########  ######## ########     ###     ######  ########
     ##        ##  ##     ## ##       ##     ##  ##   ##  ##       ##
     ######    ##  ########  ######   ########  #########  ######  ######
     ##        ##  ##    ##  ##       ##     ## ##     ##       ## ##
     ##       #### ##     ## ######## ########  ##     ##  ######  ########

You're about to initialize a Firebase project in this directory:

  /Users/apple/Documents/vuexy-full-version

[info] 
=== Project Setup
[info] 
[info] First, let's associate this project directory with a Firebase project.
[info] You can create multiple project aliases by running firebase use --add, 
[info] but for now we'll just set up a default project.
[info] 
[debug] [2022-12-14T02:59:51.734Z] >>> [apiv2][query] GET https://firebase.googleapis.com/v1beta1/projects pageSize=100
[debug] [2022-12-14T02:59:52.519Z] <<< [apiv2][status] GET https://firebase.googleapis.com/v1beta1/projects 200
[debug] [2022-12-14T02:59:52.519Z] <<< [apiv2][body] GET https://firebase.googleapis.com/v1beta1/projects [omitted]
[info] i  Using project vue3-bootstrap (vue3-bootstrap) 
[info] 
=== Hosting Setup
[info] 
[info] Your public directory is the folder (relative to your project directory) that
[info] will contain Hosting assets to be uploaded with firebase deploy. If you
[info] have a build process for your assets, use your build's output directory.
[info] 
[debug] [2022-12-14T03:00:09.456Z] >>> [apiv2][query] GET https://www.gstatic.com/firebasejs/releases.json [none]
[debug] [2022-12-14T03:00:09.649Z] <<< [apiv2][status] GET https://www.gstatic.com/firebasejs/releases.json 200
[debug] [2022-12-14T03:00:09.649Z] <<< [apiv2][body] GET https://www.gstatic.com/firebasejs/releases.json {"current":{"version":"9.15.0","browserURL":"https://www.gstatic.com/firebasejs/9.15.0/firebase.js","packageURL":"https://www.gstatic.com/firebasejs/9.15.0/firebase.tgz"},"live":{"version":"9.15","browserURL":"https://www.gstatic.com/firebasejs/live/9.15/firebase.js","packageURL":"https://www.gstatic.com/firebasejs/live/9.15/firebase.tgz"},"components":{"analytics":"https://www.gstatic.com/firebasejs/9.15.0/firebase-analytics.js","app":"https://www.gstatic.com/firebasejs/9.15.0/firebase-app.js","app-check":"https://www.gstatic.com/firebasejs/9.15.0/firebase-app-check.js","auth":"https://www.gstatic.com/firebasejs/9.15.0/firebase-auth.js","auth/cordova":"https://www.gstatic.com/firebasejs/9.15.0/firebase-auth/cordova.js","auth/react-native":"https://www.gstatic.com/firebasejs/9.15.0/firebase-auth/react-native.js","functions":"https://www.gstatic.com/firebasejs/9.15.0/firebase-functions.js","firestore":"https://www.gstatic.com/firebasejs/9.15.0/firebase-firestore.js","firestore/lite":"https://www.gstatic.com/firebasejs/9.15.0/firebase-firestore/lite.js","installations":"https://www.gstatic.com/firebasejs/9.15.0/firebase-installations.js","storage":"https://www.gstatic.com/firebasejs/9.15.0/firebase-storage.js","performance":"https://www.gstatic.com/firebasejs/9.15.0/firebase-performance.js","remote-config":"https://www.gstatic.com/firebasejs/9.15.0/firebase-remote-config.js","messaging":"https://www.gstatic.com/firebasejs/9.15.0/firebase-messaging.js","messaging/sw":"https://www.gstatic.com/firebasejs/9.15.0/firebase-messaging/sw.js","database":"https://www.gstatic.com/firebasejs/9.15.0/firebase-database.js","firestore.memory":"https://www.gstatic.com/firebasejs/9.15.0/firebase-firestore.memory.js"}}
[info] ✔  Wrote public/index.html 
[info] 
[info] i  Detected a .git folder at /Users/apple 
[info] i  Authorizing with GitHub to upload your service account to a GitHub repository's secrets store. 
[info] 
[info] Visit this URL on this device to log in:
[info] https://github.com/login/oauth/authorize?client_id=89cf50f02ac6aaed3484&state=586249875&redirect_uri=http%3A%2F%2Flocalhost%3A9005&scope=read%3Auser%20repo%20public_repo
[info] 
[info] Waiting for authentication...
[debug] [2022-12-14T03:00:33.493Z] >>> [apiv2][query] POST https://github.com/login/oauth/access_token [none]
[debug] [2022-12-14T03:00:33.493Z] >>> [apiv2][body] POST https://github.com/login/oauth/access_token [stream]
[debug] [2022-12-14T03:00:34.028Z] <<< [apiv2][status] POST https://github.com/login/oauth/access_token 200
[debug] [2022-12-14T03:00:34.028Z] <<< [apiv2][body] POST https://github.com/login/oauth/access_token {"access_token":"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","token_type":"bearer","scope":"read:user,repo"}
[debug] [2022-12-14T03:00:34.036Z] >>> [apiv2][query] GET https://api.github.com/user [none]
[debug] [2022-12-14T03:00:34.571Z] <<< [apiv2][status] GET https://api.github.com/user 200
[debug] [2022-12-14T03:00:34.571Z] <<< [apiv2][body] GET https://api.github.com/user {"login":"AnhTnPh","id":112533893,"node_id":"U_kgDOBrUhhQ","avatar_url":"https://avatars.githubusercontent.com/u/112533893?v=4","gravatar_id":"","url":"https://api.github.com/users/AnhTnPh","html_url":"https://github.com/AnhTnPh","followers_url":"https://api.github.com/users/AnhTnPh/followers","following_url":"https://api.github.com/users/AnhTnPh/following{/other_user}","gists_url":"https://api.github.com/users/AnhTnPh/gists{/gist_id}","starred_url":"https://api.github.com/users/AnhTnPh/starred{/owner}{/repo}","subscriptions_url":"https://api.github.com/users/AnhTnPh/subscriptions","organizations_url":"https://api.github.com/users/AnhTnPh/orgs","repos_url":"https://api.github.com/users/AnhTnPh/repos","events_url":"https://api.github.com/users/AnhTnPh/events{/privacy}","received_events_url":"https://api.github.com/users/AnhTnPh/received_events","type":"User","site_admin":false,"name":null,"company":null,"blog":"","location":null,"email":null,"hireable":null,"bio":null,"twitter_username":null,"public_repos":2,"public_gists":0,"followers":0,"following":0,"created_at":"2022-08-31T03:51:06Z","updated_at":"2022-12-09T02:58:35Z","private_gists":0,"total_private_repos":0,"owned_private_repos":0,"disk_usage":97,"collaborators":0,"two_factor_authentication":false,"plan":{"name":"free","space":976562499,"collaborators":0,"private_repos":10000}}
[info] 
[info] ✔  Success! Logged into GitHub as AnhTnPh 
[info] 
